# JRE version: OpenJDK Runtime Environment (16.0.2+7) (build 16.0.2+7-67)
# Java VM: OpenJDK 64-Bit Server VM (16.0.2+7-67, mixed mode, tiered, compressed oops, compressed class ptrs, g1 gc, windows-amd64)
GC Precious Log:
 CPUs: 8 total, 8 available
 Memory: 8101M
 Large Page Support: Disabled
 NUMA Support: Disabled
 Compressed Oops: Enabled (32-bit)
 Heap Region Size: 1M
 Heap Min Capacity: 8M
 Heap Initial Capacity: 128M
 Heap Max Capacity: 2026M
 Pre-touch: Disabled
 Parallel Workers: 8
 Concurrent Workers: 2
 Concurrent Refinement Workers: 8
 Periodic GC: Disabled
Heap:
 garbage-first heap   total 83968K, used 48032K [0x0000000081600000, 0x0000000100000000)
  region size 1024K, 3 young (3072K), 2 survivors (2048K)
 Metaspace       used 31955K, committed 32256K, reserved 1081344K
  class space    used 3706K, committed 3840K, reserved 1048576K
GC Heap History (14 events):
Event: 0.777 GC heap before
{Heap before GC invocations=0 (full 0):
 garbage-first heap   total 131072K, used 22528K [0x0000000081600000, 0x0000000100000000)
  region size 1024K, 23 young (23552K), 0 survivors (0K)
 Metaspace       used 14710K, committed 14848K, reserved 1064960K
  class space    used 1435K, committed 1472K, reserved 1048576K
}
Event: 0.780 GC heap after
{Heap after GC invocations=1 (full 0):
 garbage-first heap   total 131072K, used 6491K [0x0000000081600000, 0x0000000100000000)
  region size 1024K, 3 young (3072K), 3 survivors (3072K)
 Metaspace       used 14710K, committed 14848K, reserved 1064960K
  class space    used 1435K, committed 1472K, reserved 1048576K
}
Event: 1.278 GC heap before
{Heap before GC invocations=1 (full 0):
 garbage-first heap   total 131072K, used 26971K [0x0000000081600000, 0x0000000100000000)
  region size 1024K, 24 young (24576K), 3 survivors (3072K)
 Metaspace       used 21063K, committed 21248K, reserved 1073152K
  class space    used 2241K, committed 2368K, reserved 1048576K
}
Event: 1.282 GC heap after
{Heap after GC invocations=2 (full 0):
 garbage-first heap   total 131072K, used 8307K [0x0000000081600000, 0x0000000100000000)
  region size 1024K, 2 young (2048K), 2 survivors (2048K)
 Metaspace       used 21063K, committed 21248K, reserved 1073152K
  class space    used 2241K, committed 2368K, reserved 1048576K
}
Event: 1.754 GC heap before
{Heap before GC invocations=3 (full 0):
 garbage-first heap   total 34816K, used 27763K [0x0000000081600000, 0x0000000100000000)
  region size 1024K, 21 young (21504K), 2 survivors (2048K)
 Metaspace       used 25988K, committed 26176K, reserved 1073152K
  class space    used 2894K, committed 3008K, reserved 1048576K
}
Event: 1.758 GC heap after
{Heap after GC invocations=4 (full 0):
 garbage-first heap   total 34816K, used 10523K [0x0000000081600000, 0x0000000100000000)
  region size 1024K, 3 young (3072K), 3 survivors (3072K)
 Metaspace       used 25988K, committed 26176K, reserved 1073152K
  class space    used 2894K, committed 3008K, reserved 1048576K
}
Event: 2.008 GC heap before
{Heap before GC invocations=4 (full 0):
 garbage-first heap   total 34816K, used 21787K [0x0000000081600000, 0x0000000100000000)
  region size 1024K, 15 young (15360K), 3 survivors (3072K)
 Metaspace       used 28676K, committed 28928K, reserved 1081344K
  class space    used 3300K, committed 3392K, reserved 1048576K
}
Event: 2.011 GC heap after
{Heap after GC invocations=5 (full 0):
 garbage-first heap   total 34816K, used 11357K [0x0000000081600000, 0x0000000100000000)
  region size 1024K, 1 young (1024K), 1 survivors (1024K)
 Metaspace       used 28676K, committed 28928K, reserved 1081344K
  class space    used 3300K, committed 3392K, reserved 1048576K
}
Event: 2.051 GC heap before
{Heap before GC invocations=5 (full 0):
 garbage-first heap   total 34816K, used 12381K [0x0000000081600000, 0x0000000100000000)
  region size 1024K, 3 young (3072K), 1 survivors (1024K)
 Metaspace       used 29038K, committed 29312K, reserved 1081344K
  class space    used 3358K, committed 3456K, reserved 1048576K
}
Event: 2.052 GC heap after
{Heap after GC invocations=6 (full 0):
 garbage-first heap   total 34816K, used 11560K [0x0000000081600000, 0x0000000100000000)
  region size 1024K, 1 young (1024K), 1 survivors (1024K)
 Metaspace       used 29038K, committed 29312K, reserved 1081344K
  class space    used 3358K, committed 3456K, reserved 1048576K
}
Event: 9.417 GC heap before
{Heap before GC invocations=6 (full 0):
 garbage-first heap   total 52224K, used 51496K [0x0000000081600000, 0x0000000100000000)
  region size 1024K, 6 young (6144K), 1 survivors (1024K)
 Metaspace       used 30769K, committed 31040K, reserved 1081344K
  class space    used 3573K, committed 3648K, reserved 1048576K
}
Event: 9.419 GC heap after
{Heap after GC invocations=7 (full 0):
 garbage-first heap   total 65536K, used 47211K [0x0000000081600000, 0x0000000100000000)
  region size 1024K, 2 young (2048K), 2 survivors (2048K)
 Metaspace       used 30769K, committed 31040K, reserved 1081344K
  class space    used 3573K, committed 3648K, reserved 1048576K
}
Event: 31.227 GC heap before
{Heap before GC invocations=7 (full 0):
 garbage-first heap   total 65536K, used 53355K [0x0000000081600000, 0x0000000100000000)
  region size 1024K, 9 young (9216K), 2 survivors (2048K)
 Metaspace       used 31940K, committed 32192K, reserved 1081344K
  class space    used 3704K, committed 3840K, reserved 1048576K
}
Event: 31.230 GC heap after
{Heap after GC invocations=8 (full 0):
 garbage-first heap   total 65536K, used 48032K [0x0000000081600000, 0x0000000100000000)
  region size 1024K, 2 young (2048K), 2 survivors (2048K)
 Metaspace       used 31940K, committed 32192K, reserved 1081344K
  class space    used 3704K, committed 3840K, reserved 1048576K
}

