# JRE version: OpenJDK Runtime Environment (16.0.2+7) (build 16.0.2+7-67)
# Java VM: OpenJDK 64-Bit Server VM (16.0.2+7-67, mixed mode, tiered, compressed oops, compressed class ptrs, g1 gc, windows-amd64)
GC Precious Log:
 CPUs: 8 total, 8 available
 Memory: 8101M
 Large Page Support: Disabled
 NUMA Support: Disabled
 Compressed Oops: Enabled (32-bit)
 Heap Region Size: 1M
 Heap Min Capacity: 8M
 Heap Initial Capacity: 128M
 Heap Max Capacity: 2026M
 Pre-touch: Disabled
 Parallel Workers: 8
 Concurrent Workers: 2
 Concurrent Refinement Workers: 8
 Periodic GC: Disabled
Heap:
 garbage-first heap   total 40960K, used 32599K [0x0000000081600000, 0x0000000100000000)
  region size 1024K, 11 young (11264K), 5 survivors (5120K)
 Metaspace       used 30297K, committed 30528K, reserved 1081344K
  class space    used 3460K, committed 3520K, reserved 1048576K
GC Heap History (6 events):
Event: 4.715 GC heap before
{Heap before GC invocations=0 (full 0):
 garbage-first heap   total 131072K, used 22528K [0x0000000081600000, 0x0000000100000000)
  region size 1024K, 23 young (23552K), 0 survivors (0K)
 Metaspace       used 15113K, committed 15296K, reserved 1064960K
  class space    used 1499K, committed 1600K, reserved 1048576K
}
Event: 4.720 GC heap after
{Heap after GC invocations=1 (full 0):
 garbage-first heap   total 131072K, used 6506K [0x0000000081600000, 0x0000000100000000)
  region size 1024K, 3 young (3072K), 3 survivors (3072K)
 Metaspace       used 15113K, committed 15296K, reserved 1064960K
  class space    used 1499K, committed 1600K, reserved 1048576K
}
Event: 5.083 GC heap before
{Heap before GC invocations=1 (full 0):
 garbage-first heap   total 131072K, used 26986K [0x0000000081600000, 0x0000000100000000)
  region size 1024K, 24 young (24576K), 3 survivors (3072K)
 Metaspace       used 20997K, committed 21248K, reserved 1073152K
  class space    used 2222K, committed 2368K, reserved 1048576K
}
Event: 5.086 GC heap after
{Heap after GC invocations=2 (full 0):
 garbage-first heap   total 131072K, used 9008K [0x0000000081600000, 0x0000000100000000)
  region size 1024K, 3 young (3072K), 3 survivors (3072K)
 Metaspace       used 20997K, committed 21248K, reserved 1073152K
  class space    used 2222K, committed 2368K, reserved 1048576K
}
Event: 5.671 GC heap before
{Heap before GC invocations=3 (full 0):
 garbage-first heap   total 37888K, used 33584K [0x0000000081600000, 0x0000000100000000)
  region size 1024K, 28 young (28672K), 3 survivors (3072K)
 Metaspace       used 28455K, committed 28672K, reserved 1081344K
  class space    used 3232K, committed 3328K, reserved 1048576K
}
Event: 5.675 GC heap after
{Heap after GC invocations=4 (full 0):
 garbage-first heap   total 40960K, used 11095K [0x0000000081600000, 0x0000000100000000)
  region size 1024K, 5 young (5120K), 5 survivors (5120K)
 Metaspace       used 28455K, committed 28672K, reserved 1081344K
  class space    used 3232K, committed 3328K, reserved 1048576K
}

