# JRE version: OpenJDK Runtime Environment (16.0.2+7) (build 16.0.2+7-67)
# Java VM: OpenJDK 64-Bit Server VM (16.0.2+7-67, mixed mode, tiered, compressed oops, compressed class ptrs, g1 gc, windows-amd64)
GC Precious Log:
 CPUs: 8 total, 8 available
 Memory: 8101M
 Large Page Support: Disabled
 NUMA Support: Disabled
 Compressed Oops: Enabled (32-bit)
 Heap Region Size: 1M
 Heap Min Capacity: 8M
 Heap Initial Capacity: 128M
 Heap Max Capacity: 2026M
 Pre-touch: Disabled
 Parallel Workers: 8
 Concurrent Workers: 2
 Concurrent Refinement Workers: 8
 Periodic GC: Disabled
Heap:
 garbage-first heap   total 57344K, used 47650K [0x0000000081600000, 0x0000000100000000)
  region size 1024K, 2 young (2048K), 1 survivors (1024K)
 Metaspace       used 31132K, committed 31424K, reserved 1081344K
  class space    used 3587K, committed 3712K, reserved 1048576K
GC Heap History (12 events):
Event: 0.728 GC heap before
{Heap before GC invocations=0 (full 0):
 garbage-first heap   total 131072K, used 22528K [0x0000000081600000, 0x0000000100000000)
  region size 1024K, 23 young (23552K), 0 survivors (0K)
 Metaspace       used 14715K, committed 14912K, reserved 1064960K
  class space    used 1435K, committed 1472K, reserved 1048576K
}
Event: 0.733 GC heap after
{Heap after GC invocations=1 (full 0):
 garbage-first heap   total 131072K, used 6518K [0x0000000081600000, 0x0000000100000000)
  region size 1024K, 3 young (3072K), 3 survivors (3072K)
 Metaspace       used 14715K, committed 14912K, reserved 1064960K
  class space    used 1435K, committed 1472K, reserved 1048576K
}
Event: 1.233 GC heap before
{Heap before GC invocations=1 (full 0):
 garbage-first heap   total 131072K, used 28022K [0x0000000081600000, 0x0000000100000000)
  region size 1024K, 25 young (25600K), 3 survivors (3072K)
 Metaspace       used 21044K, committed 21248K, reserved 1073152K
  class space    used 2241K, committed 2304K, reserved 1048576K
}
Event: 1.237 GC heap after
{Heap after GC invocations=2 (full 0):
 garbage-first heap   total 131072K, used 8751K [0x0000000081600000, 0x0000000100000000)
  region size 1024K, 3 young (3072K), 3 survivors (3072K)
 Metaspace       used 21044K, committed 21248K, reserved 1073152K
  class space    used 2241K, committed 2304K, reserved 1048576K
}
Event: 1.865 GC heap before
{Heap before GC invocations=3 (full 0):
 garbage-first heap   total 37888K, used 36399K [0x0000000081600000, 0x0000000100000000)
  region size 1024K, 30 young (30720K), 3 survivors (3072K)
 Metaspace       used 28233K, committed 28480K, reserved 1081344K
  class space    used 3231K, committed 3328K, reserved 1048576K
}
Event: 1.871 GC heap after
{Heap after GC invocations=4 (full 0):
 garbage-first heap   total 43008K, used 10934K [0x0000000081600000, 0x0000000100000000)
  region size 1024K, 5 young (5120K), 5 survivors (5120K)
 Metaspace       used 28233K, committed 28480K, reserved 1081344K
  class space    used 3231K, committed 3328K, reserved 1048576K
}
Event: 1.940 GC heap before
{Heap before GC invocations=4 (full 0):
 garbage-first heap   total 43008K, used 14006K [0x0000000081600000, 0x0000000100000000)
  region size 1024K, 9 young (9216K), 5 survivors (5120K)
 Metaspace       used 29119K, committed 29376K, reserved 1081344K
  class space    used 3368K, committed 3456K, reserved 1048576K
}
Event: 1.944 GC heap after
{Heap after GC invocations=5 (full 0):
 garbage-first heap   total 43008K, used 11586K [0x0000000081600000, 0x0000000100000000)
  region size 1024K, 1 young (1024K), 1 survivors (1024K)
 Metaspace       used 29119K, committed 29376K, reserved 1081344K
  class space    used 3368K, committed 3456K, reserved 1048576K
}
Event: 4.303 GC heap before
{Heap before GC invocations=5 (full 0):
 garbage-first heap   total 55296K, used 52546K [0x0000000081600000, 0x0000000100000000)
  region size 1024K, 8 young (8192K), 1 survivors (1024K)
 Metaspace       used 30903K, committed 31168K, reserved 1081344K
  class space    used 3577K, committed 3712K, reserved 1048576K
}
Event: 4.305 GC heap after
{Heap after GC invocations=6 (full 0):
 garbage-first heap   total 57344K, used 47452K [0x0000000081600000, 0x0000000100000000)
  region size 1024K, 2 young (2048K), 2 survivors (2048K)
 Metaspace       used 30903K, committed 31168K, reserved 1081344K
  class space    used 3577K, committed 3712K, reserved 1048576K
}
Event: 62.091 GC heap before
{Heap before GC invocations=6 (full 0):
 garbage-first heap   total 57344K, used 48476K [0x0000000081600000, 0x0000000100000000)
  region size 1024K, 3 young (3072K), 2 survivors (2048K)
 Metaspace       used 31104K, committed 31360K, reserved 1081344K
  class space    used 3590K, committed 3712K, reserved 1048576K
}
Event: 62.093 GC heap after
{Heap after GC invocations=7 (full 0):
 garbage-first heap   total 57344K, used 47650K [0x0000000081600000, 0x0000000100000000)
  region size 1024K, 1 young (1024K), 1 survivors (1024K)
 Metaspace       used 31104K, committed 31360K, reserved 1081344K
  class space    used 3590K, committed 3712K, reserved 1048576K
}

