<?xml version="1.0" encoding="UTF-8"?>
<!-- Generated by org.testng.reporters.JUnitXMLReporter -->
<testsuite ignored="0" hostname="DESKTOP-OD0752Q" failures="0" tests="2" name="Default test" time="65.93" errors="0" timestamp="2021-12-17T10:36:15 IST">
  <testcase classname="com.VTiger.genericutil.Baseclass" name="@BeforeMethod loginToApp" time="10.219">
    <failure type="org.openqa.selenium.NoSuchElementException" message="Unable to find element with locator By.name: user_name
For documentation on this error, please visit: https://selenium.dev/exceptions/#no_such_element
Build info: version: &amp;apos;4.1.0&amp;apos;, revision: &amp;apos;87802e897b&amp;apos;
System info: host: &amp;apos;DESKTOP-OD0752Q&amp;apos;, ip: &amp;apos;192.168.234.1&amp;apos;, os.name: &amp;apos;Windows 10&amp;apos;, os.arch: &amp;apos;amd64&amp;apos;, os.version: &amp;apos;10.0&amp;apos;, java.version: &amp;apos;16.0.2&amp;apos;
Driver info: driver.version: RemoteWebDriver">
      <![CDATA[org.openqa.selenium.NoSuchElementException: Unable to find element with locator By.name: user_name
For documentation on this error, please visit: https://selenium.dev/exceptions/#no_such_element
Build info: version: '4.1.0', revision: '87802e897b'
System info: host: 'DESKTOP-OD0752Q', ip: '192.168.234.1', os.name: 'Windows 10', os.arch: 'amd64', os.version: '10.0', java.version: '16.0.2'
Driver info: driver.version: RemoteWebDriver
at org.openqa.selenium.remote.ElementLocation$ElementFinder$2.findElement(ElementLocation.java:165)
at org.openqa.selenium.remote.ElementLocation.findElement(ElementLocation.java:60)
at org.openqa.selenium.remote.RemoteWebDriver.findElement(RemoteWebDriver.java:383)
at org.openqa.selenium.remote.RemoteWebDriver.findElement(RemoteWebDriver.java:375)
at org.openqa.selenium.support.pagefactory.DefaultElementLocator.findElement(DefaultElementLocator.java:70)
at org.openqa.selenium.support.pagefactory.internal.LocatingElementHandler.invoke(LocatingElementHandler.java:39)
at jdk.proxy2/jdk.proxy2.$Proxy20.sendKeys(Unknown Source)
at com.VTiger.POMClasses.LoginPage.loginToApp(LoginPage.java:46)
at com.VTiger.genericutil.Baseclass.loginToApp(Baseclass.java:74)
at java.base/jdk.internal.reflect.NativeMethodAccessorImpl.invoke0(Native Method)
at java.base/jdk.internal.reflect.NativeMethodAccessorImpl.invoke(NativeMethodAccessorImpl.java:78)
at java.base/jdk.internal.reflect.DelegatingMethodAccessorImpl.invoke(DelegatingMethodAccessorImpl.java:43)
at java.base/java.lang.reflect.Method.invoke(Method.java:567)
at org.testng.internal.MethodInvocationHelper.invokeMethod(MethodInvocationHelper.java:133)
at org.testng.internal.MethodInvocationHelper.invokeMethodConsideringTimeout(MethodInvocationHelper.java:62)
at org.testng.internal.ConfigInvoker.invokeConfigurationMethod(ConfigInvoker.java:385)
at org.testng.internal.ConfigInvoker.invokeConfigurations(ConfigInvoker.java:321)
at org.testng.internal.TestInvoker.runConfigMethods(TestInvoker.java:700)
at org.testng.internal.TestInvoker.invokeMethod(TestInvoker.java:527)
at org.testng.internal.TestInvoker.invokeTestMethod(TestInvoker.java:173)
at org.testng.internal.MethodRunner.runInSequence(MethodRunner.java:46)
at org.testng.internal.TestInvoker$MethodInvocationAgent.invoke(TestInvoker.java:824)
at org.testng.internal.TestInvoker.invokeTestMethods(TestInvoker.java:146)
at org.testng.internal.TestMethodWorker.invokeTestMethods(TestMethodWorker.java:146)
at org.testng.internal.TestMethodWorker.run(TestMethodWorker.java:128)
at java.base/java.util.ArrayList.forEach(ArrayList.java:1511)
at org.testng.TestRunner.privateRun(TestRunner.java:794)
at org.testng.TestRunner.run(TestRunner.java:596)
at org.testng.SuiteRunner.runTest(SuiteRunner.java:377)
at org.testng.SuiteRunner.runSequentially(SuiteRunner.java:371)
at org.testng.SuiteRunner.privateRun(SuiteRunner.java:332)
at org.testng.SuiteRunner.run(SuiteRunner.java:276)
at org.testng.SuiteRunnerWorker.runSuite(SuiteRunnerWorker.java:53)
at org.testng.SuiteRunnerWorker.run(SuiteRunnerWorker.java:96)
at org.testng.TestNG.runSuitesSequentially(TestNG.java:1212)
at org.testng.TestNG.runSuitesLocally(TestNG.java:1134)
at org.testng.TestNG.runSuites(TestNG.java:1063)
at org.testng.TestNG.run(TestNG.java:1031)
at org.testng.remote.AbstractRemoteTestNG.run(AbstractRemoteTestNG.java:115)
at org.testng.remote.RemoteTestNG.initAndRun(RemoteTestNG.java:251)
at org.testng.remote.RemoteTestNG.main(RemoteTestNG.java:77)
]]>
    </failure>
  </testcase> <!-- @BeforeMethod loginToApp -->
  <testcase classname="com.VTiger.genericutil.Baseclass" name="@AfterMethod logoutFromApp" time="-1.639717575756E9">
    <skipped/>
  </testcase> <!-- @AfterMethod logoutFromApp -->
  <testcase classname="com.VTiger.genericutil.Baseclass" name="@AfterClass closeBrowser" time="-1.639717575757E9">
    <skipped/>
  </testcase> <!-- @AfterClass closeBrowser -->
  <testcase classname="com.VTiger.TC.TC003_CreateContactwithOrganizationTest" name="createContactWithnames" time="23.677"/>
  <testcase classname="com.VTiger.TC.TC003_CreateContactwithOrganizationTest" name="createContactwithLastname" time="0.0">
    <skipped/>
  </testcase> <!-- createContactwithLastname -->
</testsuite> <!-- Default test -->
