<?xml version="1.0" encoding="UTF-8"?>
<!-- Generated by org.testng.reporters.JUnitXMLReporter -->
<testsuite ignored="6" hostname="DESKTOP-OD0752Q" failures="0" tests="3" name="Test" time="113.278" errors="0" timestamp="2021-12-18T18:54:13 IST">
  <testcase classname="com.VTiger.TC.TC002_CreateOrganizationWithDropdownTest" name="createOrganizationWithDropdownTest" time="28.929"/>
  <testcase classname="com.VTiger.TC.TC001_CreateOrganizationTest" name="createOrganizationTestwithphonenumber" time="22.831"/>
  <testcase classname="com.VTiger.TC.TC003_CreateContactwithOrganizationTest" name="createContactWithnames" time="10.642"/>
  <testcase classname="com.VTiger.TC.TC003_CreateContactwithOrganizationTest" name="createContactwithLastname" time="0.0">
    <ignored/>
  </testcase> <!-- createContactwithLastname -->
  <testcase classname="com.VTiger.genericutil.Baseclass" name="@AfterSuite disconnectFromDatabase" time="0.0">
    <ignored/>
  </testcase> <!-- @AfterSuite disconnectFromDatabase -->
  <testcase classname="com.VTiger.genericutil.Baseclass" name="@AfterSuite disconnectFromDatabase" time="0.0">
    <ignored/>
  </testcase> <!-- @AfterSuite disconnectFromDatabase -->
  <testcase classname="com.VTiger.genericutil.Baseclass" name="@BeforeSuite beforesuite" time="0.0">
    <ignored/>
  </testcase> <!-- @BeforeSuite beforesuite -->
  <testcase classname="com.VTiger.genericutil.Baseclass" name="@BeforeSuite beforesuite" time="0.0">
    <ignored/>
  </testcase> <!-- @BeforeSuite beforesuite -->
  <testcase classname="com.VTiger.TC.TC001_CreateOrganizationTest" name="createOrganizationTest" time="0.0">
    <ignored/>
  </testcase> <!-- createOrganizationTest -->
</testsuite> <!-- Test -->
